2024-01-17 13:55:43,660 [main] INFO APITestLogger - Sending request with data : {
	"accuracy": 50,
	"address": "29, side layout, cohen 09",
	"language": "French-IN",
	"location": {
		"lat": -38.383494,
		"lng": 33.427362
	},
	"name": "Frontline house",
	"phone_number": "(+91) 983 893 3937",
	"types": [
		"shoe park",
		"shop"
	],
	"website": "http://google.com"
}
2024-01-17 13:55:46,403 [main] INFO APITestLogger - Got place_id = 53273f61b304a52af7ff3b824fa6e44a
2024-01-17 13:55:46,404 [main] INFO APITestLogger - Validating Response Code [200]
2024-01-17 13:55:46,442 [main] INFO APITestLogger - Validating Response Content-Type [JSON]
2024-01-17 13:55:46,451 [main] INFO APITestLogger - Validating Response body contains [ 'id', 'place_id', 'reference', 'scope', 'status'] 
2024-01-17 13:55:46,473 [main] INFO APITestLogger - Checking response time is less than 2 seconds
2024-01-17 13:55:46,508 [main] INFO APITestLogger - Test Passed
2024-01-17 13:55:46,520 [main] INFO APITestLogger - Sending request to http://rahulshettyacademy.com/maps/api/place/get/json?place_id={place_id}&key={key}
2024-01-17 13:55:47,264 [main] INFO APITestLogger - Validating Response Code [200]
2024-01-17 13:55:47,266 [main] INFO APITestLogger - Validating Response Content-Type [JSON]
2024-01-17 13:55:47,273 [main] INFO APITestLogger - Validating Response body contains [ 'location', 'accuracy', 'name', 'phone_number', 'address', 'types', 'website', 'language'] 
2024-01-17 13:55:47,289 [main] INFO APITestLogger - Checking response time is less than 2 seconds
2024-01-17 13:55:47,295 [main] INFO APITestLogger - Validating response data Expected :{
	"accuracy": 50,
	"address": "29, side layout, cohen 09",
	"language": "French-IN",
	"location": {
		"lat": -38.383494,
		"lng": 33.427362
	},
	"name": "Frontline house",
	"phone_number": "(+91) 983 893 3937",
	"types": [
		"shoe park",
		"shop"
	],
	"website": "http://google.com"
}
2024-01-17 13:55:47,480 [main] INFO APITestLogger - Test Passed
2024-01-17 13:59:46,939 [main] INFO APITestLogger - Sending request with data : {
	"accuracy": 50,
	"address": "29, side layout, cohen 09",
	"language": "French-IN",
	"location": {
		"lat": -38.383494,
		"lng": 33.427362
	},
	"name": "Frontline house",
	"phone_number": "(+91) 983 893 3937",
	"types": [
		"shoe park",
		"shop"
	],
	"website": "http://google.com"
}
2024-01-17 13:59:49,471 [main] INFO APITestLogger - Got place_id = 4c994be41172d41fa76c1a9b529cd8ea
2024-01-17 13:59:49,472 [main] INFO APITestLogger - Validating Response Code [200]
2024-01-17 13:59:49,505 [main] INFO APITestLogger - Validating Response Content-Type [JSON]
2024-01-17 13:59:49,512 [main] INFO APITestLogger - Validating Response body contains [ 'id', 'place_id', 'reference', 'scope', 'status'] 
2024-01-17 13:59:49,528 [main] INFO APITestLogger - Checking response time is less than 2 seconds
2024-01-17 13:59:49,556 [main] INFO APITestLogger - Test Passed
2024-01-17 13:59:49,950 [main] INFO APITestLogger - Sending request to http://rahulshettyacademy.com/maps/api/place/get/json?place_id={place_id}&key={key}
2024-01-17 13:59:51,917 [main] INFO APITestLogger - Validating Response Code [200]
2024-01-17 13:59:51,918 [main] INFO APITestLogger - Validating Response Content-Type [JSON]
2024-01-17 13:59:51,919 [main] INFO APITestLogger - Validating Response body contains [ 'location', 'accuracy', 'name', 'phone_number', 'address', 'types', 'website', 'language'] 
2024-01-17 13:59:51,922 [main] INFO APITestLogger - Checking response time is less than 2 seconds
2024-01-17 13:59:51,925 [main] INFO APITestLogger - Validating response data Expected :{
	"accuracy": 50,
	"address": "29, side layout, cohen 09",
	"language": "French-IN",
	"location": {
		"lat": -38.383494,
		"lng": 33.427362
	},
	"name": "Frontline house",
	"phone_number": "(+91) 983 893 3937",
	"types": [
		"shoe park",
		"shop"
	],
	"website": "http://google.com"
}
2024-01-17 13:59:52,095 [main] INFO APITestLogger - Test Passed
2024-01-17 14:01:35,591 [main] INFO APITestLogger - Execution Started : addLocationPOSTCallAPITest()
2024-01-17 14:01:35,940 [main] INFO APITestLogger - Sending request with data : {
	"accuracy": 50,
	"address": "29, side layout, cohen 09",
	"language": "French-IN",
	"location": {
		"lat": -38.383494,
		"lng": 33.427362
	},
	"name": "Frontline house",
	"phone_number": "(+91) 983 893 3937",
	"types": [
		"shoe park",
		"shop"
	],
	"website": "http://google.com"
}
2024-01-17 14:01:38,380 [main] INFO APITestLogger - Got place_id = f383e9f7391b7b00b06b7fc72171883d
2024-01-17 14:01:38,381 [main] INFO APITestLogger - Validating Response Code [200]
2024-01-17 14:01:38,413 [main] INFO APITestLogger - Validating Response Content-Type [JSON]
2024-01-17 14:01:38,420 [main] INFO APITestLogger - Validating Response body contains [ 'id', 'place_id', 'reference', 'scope', 'status'] 
2024-01-17 14:01:38,437 [main] INFO APITestLogger - Checking response time is less than 2 seconds
2024-01-17 14:01:38,463 [main] INFO APITestLogger - Test Passed
2024-01-17 14:01:38,837 [main] INFO APITestLogger - Execution Started : getLocationGETCallAPITest()
2024-01-17 14:01:38,838 [main] INFO APITestLogger - Sending request to http://rahulshettyacademy.com/maps/api/place/get/json?place_id={place_id}&key={key}
2024-01-17 14:01:39,557 [main] INFO APITestLogger - Validating Response Code [200]
2024-01-17 14:01:39,559 [main] INFO APITestLogger - Validating Response Content-Type [JSON]
2024-01-17 14:01:39,560 [main] INFO APITestLogger - Validating Response body contains [ 'location', 'accuracy', 'name', 'phone_number', 'address', 'types', 'website', 'language'] 
2024-01-17 14:01:39,574 [main] INFO APITestLogger - Checking response time is less than 2 seconds
2024-01-17 14:01:39,581 [main] INFO APITestLogger - Validating response data Expected :{
	"accuracy": 50,
	"address": "29, side layout, cohen 09",
	"language": "French-IN",
	"location": {
		"lat": -38.383494,
		"lng": 33.427362
	},
	"name": "Frontline house",
	"phone_number": "(+91) 983 893 3937",
	"types": [
		"shoe park",
		"shop"
	],
	"website": "http://google.com"
}
2024-01-17 14:01:39,767 [main] INFO APITestLogger - Test Passed
2024-01-17 14:06:27,841 [main] INFO APITestLogger - Execution Started : addLocationPOSTCallAPITest()
2024-01-17 14:06:28,180 [main] INFO APITestLogger - Sending request with data : {
	"accuracy": 50,
	"address": "29, side layout, cohen 09",
	"language": "French-IN",
	"location": {
		"lat": -38.383494,
		"lng": 33.427362
	},
	"name": "Frontline house",
	"phone_number": "(+91) 983 893 3937",
	"types": [
		"shoe park",
		"shop"
	],
	"website": "http://google.com"
}
2024-01-17 14:06:30,574 [main] INFO APITestLogger - Got place_id = 7b0be689c53d689c47842a1fe8b1be25
2024-01-17 14:06:30,575 [main] INFO APITestLogger - Validating Response Code [200]
2024-01-17 14:06:30,605 [main] INFO APITestLogger - Validating Response Content-Type [JSON]
2024-01-17 14:06:30,620 [main] INFO APITestLogger - Validating Response body contains [ 'id', 'place_id', 'reference', 'scope', 'status'] 
2024-01-17 14:06:30,634 [main] INFO APITestLogger - Checking response time is less than 2 seconds
2024-01-17 14:06:30,660 [main] INFO APITestLogger - Test Passed
2024-01-17 14:06:30,992 [main] INFO APITestLogger - Execution Started : getLocationGETCallAPITest()
2024-01-17 14:06:30,993 [main] INFO APITestLogger - Sending request to http://rahulshettyacademy.com/maps/api/place/get/json?place_id={place_id}&key={key}
2024-01-17 14:06:32,028 [main] INFO APITestLogger - Validating Response Code [200]
2024-01-17 14:06:32,030 [main] INFO APITestLogger - Validating Response Content-Type [JSON]
2024-01-17 14:06:32,031 [main] INFO APITestLogger - Validating Response body contains [ 'location', 'accuracy', 'name', 'phone_number', 'address', 'types', 'website', 'language'] 
2024-01-17 14:06:32,042 [main] INFO APITestLogger - Checking response time is less than 2 seconds
2024-01-17 14:06:32,050 [main] INFO APITestLogger - Validating response data Expected :{
	"accuracy": 50,
	"address": "29, side layout, cohen 09",
	"language": "French-IN",
	"location": {
		"lat": -38.383494,
		"lng": 33.427362
	},
	"name": "Frontline house",
	"phone_number": "(+91) 983 893 3937",
	"types": [
		"shoe park",
		"shop"
	],
	"website": "http://google.com"
}
2024-01-17 14:07:55,739 [main] INFO APITestLogger - Execution Started : addLocationPOSTCallAPITest()
2024-01-17 14:07:56,106 [main] INFO APITestLogger - Sending request with data : {
	"accuracy": 50,
	"address": "29, side layout, cohen 09",
	"language": "French-IN",
	"location": {
		"lat": -38.383494,
		"lng": 33.427362
	},
	"name": "Frontline house",
	"phone_number": "(+91) 983 893 3937",
	"types": [
		"shoe park",
		"shop"
	],
	"website": "http://google.com"
}
2024-01-17 14:07:58,645 [main] INFO APITestLogger - Got place_id = fec8de4337b46ceb5e2b2a76e8bb8d08
2024-01-17 14:07:58,646 [main] INFO APITestLogger - Validating Response Code [200]
2024-01-17 14:07:58,690 [main] INFO APITestLogger - Validating Response Content-Type [JSON]
2024-01-17 14:07:58,699 [main] INFO APITestLogger - Validating Response body contains [ 'id', 'place_id', 'reference', 'scope', 'status'] 
2024-01-17 14:07:58,717 [main] INFO APITestLogger - Checking response time is less than 2 seconds
2024-01-17 14:07:58,745 [main] INFO APITestLogger - Test Passed
2024-01-17 14:07:59,063 [main] INFO APITestLogger - Execution Started : getLocationGETCallAPITest()
2024-01-17 14:07:59,064 [main] INFO APITestLogger - Sending request to http://rahulshettyacademy.com/maps/api/place/get/json?place_id={place_id}&key={key}
2024-01-17 14:08:00,093 [main] INFO APITestLogger - Validating Response Code [200]
2024-01-17 14:08:00,095 [main] INFO APITestLogger - Validating Response Content-Type [JSON]
2024-01-17 14:08:00,097 [main] INFO APITestLogger - Validating Response body contains [ 'location', 'accuracy', 'name', 'phone_number', 'address', 'types', 'website', 'language'] 
2024-01-17 14:08:00,102 [main] INFO APITestLogger - Checking response time is less than 2 seconds
2024-01-17 14:08:00,106 [main] INFO APITestLogger - Validating response data Expected :{
	"accuracy": 50,
	"address": "29, side layout, cohen 09",
	"language": "French-IN",
	"location": {
		"lat": -38.383494,
		"lng": 33.427362
	},
	"name": "Frontline house",
	"phone_number": "(+91) 983 893 3937",
	"types": [
		"shoe park",
		"shop"
	],
	"website": "http://google.com"
}
2024-01-17 14:11:09,878 [main] INFO APITestLogger - Execution Started : addLocationPOSTCallAPITest()
2024-01-17 14:11:10,263 [main] INFO APITestLogger - Sending request with data : {
	"accuracy": 50,
	"address": "29, side layout, cohen 09",
	"language": "French-IN",
	"location": {
		"lat": -38.383494,
		"lng": 33.427362
	},
	"name": "Frontline house",
	"phone_number": "(+91) 983 893 3937",
	"types": [
		"shoe park",
		"shop"
	],
	"website": "http://google.com"
}
2024-01-17 14:11:12,825 [main] INFO APITestLogger - Got place_id = d17fb5b6ae3e3fa485c5613fabda451c
2024-01-17 14:11:12,826 [main] INFO APITestLogger - Validating Response Code [200]
2024-01-17 14:11:12,870 [main] INFO APITestLogger - Validating Response Content-Type [JSON]
2024-01-17 14:11:12,879 [main] INFO APITestLogger - Validating Response body contains [ 'id', 'place_id', 'reference', 'scope', 'status'] 
2024-01-17 14:11:12,897 [main] INFO APITestLogger - Checking response time is less than 2 seconds
2024-01-17 14:11:12,922 [main] INFO APITestLogger - Test Passed
2024-01-17 14:11:13,293 [main] INFO APITestLogger - Execution Started : getLocationGETCallAPITest()
2024-01-17 14:11:13,295 [main] INFO APITestLogger - Sending request to http://rahulshettyacademy.com/maps/api/place/get/json?place_id={place_id}&key={key}
2024-01-17 14:11:14,059 [main] INFO APITestLogger - Validating Response Code [200]
2024-01-17 14:11:14,061 [main] INFO APITestLogger - Validating Response Content-Type [JSON]
2024-01-17 14:11:14,064 [main] INFO APITestLogger - Validating Response body contains [ 'location', 'accuracy', 'name', 'phone_number', 'address', 'types', 'website', 'language'] 
2024-01-17 14:11:14,068 [main] INFO APITestLogger - Checking response time is less than 2 seconds
2024-01-17 14:11:14,071 [main] INFO APITestLogger - Validating response data Expected :{
	"accuracy": 50,
	"address": "29, side layout, cohen 09",
	"language": "French-IN",
	"location": {
		"lat": -38.383494,
		"lng": 33.427362
	},
	"name": "Frontline house",
	"phone_number": "(+91) 983 893 3937",
	"types": [
		"shoe park",
		"shop"
	],
	"website": "http://google.com"
}
2024-01-17 14:21:54,858 [main] INFO APITestLogger - Execution Started : addLocationPOSTCallAPITest()
2024-01-17 14:21:55,197 [main] INFO APITestLogger - Sending request with data : {
	"accuracy": 50,
	"address": "29, side layout, cohen 09",
	"language": "French-IN",
	"location": {
		"lat": -38.383494,
		"lng": 33.427362
	},
	"name": "Frontline house",
	"phone_number": "(+91) 983 893 3937",
	"types": [
		"shoe park",
		"shop"
	],
	"website": "http://google.com"
}
2024-01-17 14:21:57,865 [main] INFO APITestLogger - Got place_id = 0ddc616402940638d26c66e3e3de948c
2024-01-17 14:21:57,866 [main] INFO APITestLogger - Validating Response Code [200]
2024-01-17 14:21:57,894 [main] INFO APITestLogger - Validating Response Content-Type [JSON]
2024-01-17 14:21:57,901 [main] INFO APITestLogger - Validating Response body contains [ 'id', 'place_id', 'reference', 'scope', 'status'] 
2024-01-17 14:21:57,915 [main] INFO APITestLogger - Checking response time is less than 2 seconds
2024-01-17 14:21:57,938 [main] INFO APITestLogger - Test Passed
2024-01-17 14:21:58,253 [main] INFO APITestLogger - Execution Started : getLocationGETCallAPITest()
2024-01-17 14:21:58,254 [main] INFO APITestLogger - Sending request to http://rahulshettyacademy.com/maps/api/place/get/json?place_id={place_id}&key={key}
2024-01-17 14:21:59,116 [main] INFO APITestLogger - Validating Response Code [200]
2024-01-17 14:21:59,119 [main] INFO APITestLogger - Validating Response Content-Type [JSON]
2024-01-17 14:21:59,122 [main] INFO APITestLogger - Validating Response body contains [ 'location', 'accuracy', 'name', 'phone_number', 'address', 'types', 'website', 'language'] 
2024-01-17 14:21:59,133 [main] INFO APITestLogger - Checking response time is less than 2 seconds
2024-01-17 14:21:59,138 [main] INFO APITestLogger - Validating response data Expected :{
	"accuracy": 50,
	"address": "29, side layout, cohen 09",
	"language": "French-IN",
	"location": {
		"lat": -38.383494,
		"lng": 33.427362
	},
	"name": "Frontline house",
	"phone_number": "(+91) 983 893 3937",
	"types": [
		"shoe park",
		"shop"
	],
	"website": "http://google.com"
}
2024-01-17 14:21:59,345 [main] ERROR APITestLogger - Test Failed : java.lang.AssertionError: expected [Place(location=Location(lat=-38.383494, lng=33.427362), accuracy=50, name=Frontline house, phone_number=(+91) 983 893 3937, address=29, side layout, cohen 09, types=[shoe park, shop], website=http://google.com, language=French-IN, place_id=null)] but found [Place(location=Location(lat=-38.383494, lng=33.427362), accuracy=50, name=Frontline house, phone_number=(+91) 983 893 3937, address=29, side layout, cohen 09, types=[shoe, park,shop], website=http://google.com, language=French-IN, place_id=null)]
2024-01-17 14:30:43,784 [main] INFO APITestLogger - Author : Umesh
2024-01-17 14:30:43,793 [main] INFO APITestLogger - Execution started : addUserAPI()
2024-01-17 14:30:44,203 [main] INFO APITestLogger - Sending POST request To '/api/users' with request body {name=morpheus, job=leader}
2024-01-17 14:30:46,639 [main] INFO APITestLogger - Validating Response Code [201]
2024-01-17 14:30:46,679 [main] INFO APITestLogger - Validating Response Content-Type [JSON]
2024-01-17 14:30:46,688 [main] INFO APITestLogger - Validating Response body contains ['id', 'createdAt'] 
2024-01-17 14:30:46,718 [main] INFO APITestLogger - Checking response time is less than 2 seconds
2024-01-17 14:30:47,082 [main] INFO APITestLogger - Author : Lisa
2024-01-17 14:30:47,083 [main] INFO APITestLogger - Execution started : getUserAPI()
2024-01-17 14:30:47,084 [main] INFO APITestLogger - Sending GET request To 'https://reqres.in/api/users/2' with no request data 
2024-01-17 14:30:48,030 [main] INFO APITestLogger - Validating Response Code [200]
2024-01-17 14:30:48,031 [main] INFO APITestLogger - Validating Response Content-Type [JSON]
2024-01-17 14:30:48,034 [main] INFO APITestLogger - Validating Response body contains ['id', 'email'] 
2024-01-17 14:30:48,037 [main] INFO APITestLogger - Checking response time is less than 2 seconds
2024-01-17 14:30:48,068 [main] INFO APITestLogger - Author : Tom
2024-01-17 14:30:48,068 [main] INFO APITestLogger - Execution started : registerUserAPI()
2024-01-17 14:30:48,389 [main] INFO APITestLogger - Sending POST request To 'https://reqres.in/api/register' with request body {
	"email": "eve.holt@reqres.in",
	"id": 0,
	"password": "pistol"
}
2024-01-17 14:30:49,280 [main] INFO APITestLogger - Validating Response Code [201]
2024-01-17 14:30:49,289 [main] INFO APITestLogger - Validating Response Content-Type [JSON]
2024-01-17 14:30:49,292 [main] INFO APITestLogger - Validating Response body contains ['id', 'createdAt'] 
2024-01-17 14:30:49,295 [main] INFO APITestLogger - Checking response time is less than 2 seconds
2024-01-17 14:30:49,325 [main] INFO APITestLogger - Author : Umesh
2024-01-17 14:30:49,325 [main] INFO APITestLogger - Execution Started : addLocationPOSTCallAPITest()
2024-01-17 14:30:49,340 [main] INFO APITestLogger - Sending request with data : {
	"accuracy": 50,
	"address": "29, side layout, cohen 09",
	"language": "French-IN",
	"location": {
		"lat": -38.383494,
		"lng": 33.427362
	},
	"name": "Frontline house",
	"phone_number": "(+91) 983 893 3937",
	"types": [
		"shoe park",
		"shop"
	],
	"website": "http://google.com"
}
2024-01-17 14:30:50,394 [main] INFO APITestLogger - Got place_id = 2d030213c14999d5988e57f292713484
2024-01-17 14:30:50,395 [main] INFO APITestLogger - Validating Response Code [200]
2024-01-17 14:30:50,397 [main] INFO APITestLogger - Validating Response Content-Type [JSON]
2024-01-17 14:30:50,400 [main] INFO APITestLogger - Validating Response body contains [ 'id', 'place_id', 'reference', 'scope', 'status'] 
2024-01-17 14:30:50,404 [main] INFO APITestLogger - Checking response time is less than 2 seconds
2024-01-17 14:30:50,411 [main] INFO APITestLogger - Test Passed
2024-01-17 14:30:50,438 [main] INFO APITestLogger - Author : Lisa
2024-01-17 14:30:50,439 [main] INFO APITestLogger - Execution Started : getLocationGETCallAPITest()
2024-01-17 14:30:50,440 [main] INFO APITestLogger - Sending request to http://rahulshettyacademy.com/maps/api/place/get/json?place_id={place_id}&key={key}
2024-01-17 14:30:51,336 [main] INFO APITestLogger - Validating Response Code [200]
2024-01-17 14:30:51,340 [main] INFO APITestLogger - Validating Response Content-Type [JSON]
2024-01-17 14:30:51,341 [main] INFO APITestLogger - Validating Response body contains [ 'location', 'accuracy', 'name', 'phone_number', 'address', 'types', 'website', 'language'] 
2024-01-17 14:30:51,347 [main] INFO APITestLogger - Checking response time is less than 2 seconds
2024-01-17 14:30:51,352 [main] INFO APITestLogger - Validating response data Expected :{
	"accuracy": 50,
	"address": "29, side layout, cohen 09",
	"language": "French-IN",
	"location": {
		"lat": -38.383494,
		"lng": 33.427362
	},
	"name": "Frontline house",
	"phone_number": "(+91) 983 893 3937",
	"types": [
		"shoe park",
		"shop"
	],
	"website": "http://google.com"
}
2024-01-17 14:30:51,548 [main] ERROR APITestLogger - Test Failed : java.lang.AssertionError: expected [Place(location=Location(lat=-38.383494, lng=33.427362), accuracy=50, name=Frontline house, phone_number=(+91) 983 893 3937, address=29, side layout, cohen 09, types=[shoe park, shop], website=http://google.com, language=French-IN, place_id=null)] but found [Place(location=Location(lat=-38.383494, lng=33.427362), accuracy=50, name=Frontline house, phone_number=(+91) 983 893 3937, address=29, side layout, cohen 09, types=[shoe, park,shop], website=http://google.com, language=French-IN, place_id=null)]
2024-01-17 14:35:36,699 [main] INFO APITestLogger - Execution started : addUserAPI()
2024-01-17 14:35:36,710 [main] INFO APITestLogger - Author : Umesh
2024-01-17 14:35:37,149 [main] INFO APITestLogger - Sending POST request To '/api/users' with request body {name=morpheus, job=leader}
2024-01-17 14:35:40,060 [main] INFO APITestLogger - Validating Response Code [201]
2024-01-17 14:35:40,093 [main] INFO APITestLogger - Validating Response Content-Type [JSON]
2024-01-17 14:35:40,103 [main] INFO APITestLogger - Validating Response body contains ['id', 'createdAt'] 
2024-01-17 14:35:40,135 [main] INFO APITestLogger - Checking response time is less than 2 seconds
2024-01-17 14:35:40,174 [main] INFO APITestLogger - Test Passed
2024-01-17 14:35:40,582 [main] INFO APITestLogger - Execution started : getUserAPI()
2024-01-17 14:35:40,583 [main] INFO APITestLogger - Author : Lisa
2024-01-17 14:35:40,584 [main] INFO APITestLogger - Sending GET request To 'https://reqres.in/api/users/2' with no request data 
2024-01-17 14:35:41,668 [main] INFO APITestLogger - Validating Response Code [200]
2024-01-17 14:35:41,670 [main] INFO APITestLogger - Validating Response Content-Type [JSON]
2024-01-17 14:35:41,674 [main] INFO APITestLogger - Validating Response body contains ['id', 'email'] 
2024-01-17 14:35:41,680 [main] INFO APITestLogger - Checking response time is less than 2 seconds
2024-01-17 14:35:41,686 [main] INFO APITestLogger - Test Passed
2024-01-17 14:35:41,712 [main] INFO APITestLogger - Execution started : registerUserAPI()
2024-01-17 14:35:41,712 [main] INFO APITestLogger - Author : Tom
2024-01-17 14:35:42,031 [main] INFO APITestLogger - Sending POST request To 'https://reqres.in/api/register' with request body {
	"email": "eve.holt@reqres.in",
	"id": 0,
	"password": "pistol"
}
2024-01-17 14:35:43,402 [main] INFO APITestLogger - Validating Response Code [201]
2024-01-17 14:35:43,403 [main] INFO APITestLogger - Validating Response Content-Type [JSON]
2024-01-17 14:35:43,404 [main] INFO APITestLogger - Validating Response body contains ['id', 'createdAt'] 
2024-01-17 14:35:43,405 [main] INFO APITestLogger - Checking response time is less than 2 seconds
2024-01-17 14:35:43,408 [main] INFO APITestLogger - Test Passed
2024-01-17 14:35:43,441 [main] INFO APITestLogger - Execution Started : addLocationPOSTCallAPITest()
2024-01-17 14:35:43,441 [main] INFO APITestLogger - Author : Umesh
2024-01-17 14:35:43,457 [main] INFO APITestLogger - Sending request with data : {
	"accuracy": 50,
	"address": "29, side layout, cohen 09",
	"language": "French-IN",
	"location": {
		"lat": -38.383494,
		"lng": 33.427362
	},
	"name": "Frontline house",
	"phone_number": "(+91) 983 893 3937",
	"types": [
		"shoe park",
		"shop"
	],
	"website": "http://google.com"
}
2024-01-17 14:35:44,346 [main] INFO APITestLogger - Got place_id = b5f9a08c1929c1786312913cf0c99ee4
2024-01-17 14:35:44,347 [main] INFO APITestLogger - Validating Response Code [200]
2024-01-17 14:35:44,348 [main] INFO APITestLogger - Validating Response Content-Type [JSON]
2024-01-17 14:35:44,351 [main] INFO APITestLogger - Validating Response body contains [ 'id', 'place_id', 'reference', 'scope', 'status'] 
2024-01-17 14:35:44,355 [main] INFO APITestLogger - Checking response time is less than 2 seconds
2024-01-17 14:35:44,362 [main] INFO APITestLogger - Test Passed
2024-01-17 14:35:44,387 [main] INFO APITestLogger - Execution Started : getLocationGETCallAPITest()
2024-01-17 14:35:44,388 [main] INFO APITestLogger - Author : Lisa
2024-01-17 14:35:44,389 [main] INFO APITestLogger - Sending request to http://rahulshettyacademy.com/maps/api/place/get/json?place_id={place_id}&key={key}
2024-01-17 14:35:45,438 [main] INFO APITestLogger - Validating Response Code [200]
2024-01-17 14:35:45,439 [main] INFO APITestLogger - Validating Response Content-Type [JSON]
2024-01-17 14:35:45,441 [main] INFO APITestLogger - Validating Response body contains [ 'location', 'accuracy', 'name', 'phone_number', 'address', 'types', 'website', 'language'] 
2024-01-17 14:35:45,447 [main] INFO APITestLogger - Checking response time is less than 2 seconds
2024-01-17 14:35:45,451 [main] INFO APITestLogger - Validating response data Expected :{
	"accuracy": 50,
	"address": "29, side layout, cohen 09",
	"language": "French-IN",
	"location": {
		"lat": -38.383494,
		"lng": 33.427362
	},
	"name": "Frontline house",
	"phone_number": "(+91) 983 893 3937",
	"types": [
		"shoe park",
		"shop"
	],
	"website": "http://google.com"
}
2024-01-17 14:35:45,616 [main] INFO APITestLogger - Test Passed
2024-01-17 14:44:59,066 [main] INFO APITestLogger - Execution started : addUserAPI()
2024-01-17 14:44:59,073 [main] INFO APITestLogger - Author : Umesh
2024-01-17 14:44:59,078 [main] INFO APITestLogger - Sending POST request To 'https://reqres.in/api/users' with request body {name=morpheus, job=leader}
2024-01-17 14:45:03,698 [main] INFO APITestLogger - Validating Response Code [201]
2024-01-17 14:45:03,730 [main] INFO APITestLogger - Validating Response Content-Type [JSON]
2024-01-17 14:45:03,739 [main] INFO APITestLogger - Validating Response body contains ['id', 'createdAt'] 
2024-01-17 14:45:03,767 [main] INFO APITestLogger - Checking response time is less than 2 seconds
2024-01-17 14:45:03,825 [main] ERROR APITestLogger - Test Failed : java.lang.AssertionError: 1 expectation failed.
Expected response time was not a value less than <3000L> milliseconds, was 3523 milliseconds (3523 milliseconds).
2024-01-17 14:45:04,184 [main] INFO APITestLogger - Execution started : getUserAPI()
2024-01-17 14:45:04,185 [main] INFO APITestLogger - Author : Lisa
2024-01-17 14:45:04,188 [main] INFO APITestLogger - Sending GET request To 'https://reqres.in/api/users/2' with no request data 
2024-01-17 14:45:05,317 [main] INFO APITestLogger - Validating Response Code [200]
2024-01-17 14:45:05,318 [main] INFO APITestLogger - Validating Response Content-Type [JSON]
2024-01-17 14:45:05,320 [main] INFO APITestLogger - Validating Response body contains ['id', 'email'] 
2024-01-17 14:45:05,327 [main] INFO APITestLogger - Checking response time is less than 2 seconds
2024-01-17 14:45:05,332 [main] INFO APITestLogger - Test Passed
2024-01-17 14:45:05,387 [main] INFO APITestLogger - Execution started : registerUserAPI()
2024-01-17 14:45:05,390 [main] INFO APITestLogger - Author : Tom
2024-01-17 14:45:05,702 [main] INFO APITestLogger - Sending POST request To 'https://reqres.in/api/register' with request body {
	"email": "eve.holt@reqres.in",
	"id": 0,
	"password": "pistol"
}
2024-01-17 14:45:06,946 [main] INFO APITestLogger - Validating Response Code [201]
2024-01-17 14:45:06,957 [main] ERROR APITestLogger - Test Failed : java.lang.AssertionError: 1 expectation failed.
Expected status code <201> but was <400>.

2024-01-17 14:45:06,986 [main] INFO APITestLogger - Execution Started : addLocationPOSTCallAPITest()
2024-01-17 14:45:06,987 [main] INFO APITestLogger - Author : Umesh
2024-01-17 14:45:07,005 [main] INFO APITestLogger - Sending request with data : {
	"accuracy": 50,
	"address": "29, side layout, cohen 09",
	"language": "French-IN",
	"location": {
		"lat": -38.383494,
		"lng": 33.427362
	},
	"name": "Frontline house",
	"phone_number": "(+91) 983 893 3937",
	"types": [
		"shoe park",
		"shop"
	],
	"website": "http://google.com"
}
2024-01-17 14:45:08,290 [main] INFO APITestLogger - Got place_id = 3fcf73460b53f4b1277bff7294bb5c46
2024-01-17 14:45:08,291 [main] INFO APITestLogger - Validating Response Code [200]
2024-01-17 14:45:08,293 [main] INFO APITestLogger - Validating Response Content-Type [JSON]
2024-01-17 14:45:08,295 [main] INFO APITestLogger - Validating Response body contains [ 'id', 'place_id', 'reference', 'scope', 'status'] 
2024-01-17 14:45:08,304 [main] INFO APITestLogger - Checking response time is less than 2 seconds
2024-01-17 14:45:08,310 [main] INFO APITestLogger - Test Passed
2024-01-17 14:45:08,336 [main] INFO APITestLogger - Execution Started : getLocationGETCallAPITest()
2024-01-17 14:45:08,337 [main] INFO APITestLogger - Author : Lisa
2024-01-17 14:45:08,338 [main] INFO APITestLogger - Sending request to http://rahulshettyacademy.com/maps/api/place/get/json?place_id={place_id}&key={key}
2024-01-17 14:45:09,003 [main] INFO APITestLogger - Validating Response Code [200]
2024-01-17 14:45:09,005 [main] INFO APITestLogger - Validating Response Content-Type [JSON]
2024-01-17 14:45:09,007 [main] INFO APITestLogger - Validating Response body contains [ 'location', 'accuracy', 'name', 'phone_number', 'address', 'types', 'website', 'language'] 
2024-01-17 14:45:09,016 [main] INFO APITestLogger - Checking response time is less than 2 seconds
2024-01-17 14:45:09,019 [main] INFO APITestLogger - Validating response data Expected :{
	"accuracy": 50,
	"address": "29, side layout, cohen 09",
	"language": "French-IN",
	"location": {
		"lat": -38.383494,
		"lng": 33.427362
	},
	"name": "Frontline house",
	"phone_number": "(+91) 983 893 3937",
	"types": [
		"shoe park",
		"shop"
	],
	"website": "http://google.com"
}
2024-01-17 14:45:09,200 [main] INFO APITestLogger - Test Passed
